<?xml version="1.0" encoding="UTF-8"?>
<testsuite xmlns:xsi="http://www.w3.org/2001/XMLSchema-instance" xsi:noNamespaceSchemaLocation="https://maven.apache.org/surefire/maven-surefire-plugin/xsd/surefire-test-report.xsd" name="com.mycompany.poepart1.UserLoginTest" time="0.038" tests="4" errors="0" skipped="0" failures="0">
  <properties>
[...]
</properties>
  <testcase name="UsernameCorrectlyFormatted" classname="com.mycompany.poepart1.UserLoginTest" time="0.025"/>
  <testcase name="testInvalidPassword" classname="com.mycompany.poepart1.UserLoginTest" time="0.006"/>
  <testcase name="UsernameIncorrecttlyFormatted" classname="com.mycompany.poepart1.UserLoginTest" time="0"/>
  <testcase name="PasswordVaild" classname="com.mycompany.poepart1.UserLoginTest" time="0"/>
</testsuite>